[18:43:24] Created log file
[18:43:24]Successfully created data folder
[18:43:24]Successfully created data folder
[18:44:04]TREK data file was created successfully
[18:44:04]===== Reloading Data Files =====
[18:44:04]===== Registering Data Files =====
[18:44:04].\data\TREK.json is registered successfully
[18:44:04]==================================
[19:04:11] Application Restarted
[19:04:11]Succesfully identified output folder
[19:04:11]===== Registering Data Files =====
[19:04:11].\data\TREK.json is registered successfully
[19:04:11]==================================
[19:07:21] Application Restarted
[19:07:21]Succesfully identified output folder
[19:07:21]===== Registering Data Files =====
[19:07:21].\data\TREK.json is registered successfully
[19:07:21]==================================
[19:07:36] Application Restarted
[19:07:36]Succesfully identified output folder
[19:07:36]===== Registering Data Files =====
[19:07:36].\data\TREK.json is registered successfully
[19:07:36]==================================
[19:08:10] Application Restarted
[19:08:10]Succesfully identified output folder
[19:08:10]===== Registering Data Files =====
[19:08:10].\data\TREK.json is registered successfully
[19:08:10]==================================
[19:08:21] Application Restarted
[19:08:21]Succesfully identified output folder
[19:08:21]===== Registering Data Files =====
[19:08:21].\data\TREK.json is registered successfully
[19:08:21]==================================
[19:08:37] Application Restarted
[19:08:37]Succesfully identified output folder
[19:08:37]===== Registering Data Files =====
[19:08:37].\data\TREK.json is registered successfully
[19:08:37]==================================
[19:09:07] Application Restarted
[19:09:07]Succesfully identified output folder
[19:09:07]===== Registering Data Files =====
[19:09:07].\data\TREK.json is registered successfully
[19:09:07]==================================
[19:09:15] Application Restarted
[19:09:15]Succesfully identified output folder
[19:09:15]===== Registering Data Files =====
[19:09:15].\data\TREK.json is registered successfully
[19:09:15]==================================
[20:42:17] Application Restarted
[20:42:17]Succesfully identified output folder
[20:42:17]===== Registering Data Files =====
[20:42:17].\data\TREK.json is registered successfully
[20:42:17]==================================
[20:43:11] Application Restarted
[20:43:11]Succesfully identified output folder
[20:43:11]===== Registering Data Files =====
[20:43:12].\data\TREK.json is registered successfully
[20:43:12]==================================
[20:43:40] Application Restarted
[20:43:40]Succesfully identified output folder
[20:43:40]===== Registering Data Files =====
[20:43:41].\data\TREK.json is registered successfully
[20:43:41]==================================
[20:46:24] Application Restarted
[20:46:24]Succesfully identified output folder
[20:46:24]===== Registering Data Files =====
[20:46:25].\data\TREK.json is registered successfully
[20:46:25]==================================
[20:46:35]TREK project created
[21:13:35] Application Restarted
[21:13:35]Succesfully identified output folder
[21:13:35]===== Registering Data Files =====
[21:13:35].\data\TREK.json is registered successfully
[21:13:35]==================================